app/build/intermediates/manifest_merge_blame_file/debug/manifest-merger-blame-debug-report.txt
1<?xml version="1.0" encoding="utf-8"?>
2<manifest xmlns:android="http://schemas.android.com/apk/res/android"
3    package="com.example.Shater"
4    android:versionCode="1"
5    android:versionName="1.0" >
6
7    <uses-sdk
8        android:minSdkVersion="16"
8-->src\main\AndroidManifest.xml
9        android:targetSdkVersion="28" />
9-->src\main\AndroidManifest.xml
10
11    <uses-permission android:name="android.permission.ACCESS_FINE_LOCATION" />
11-->src\main\AndroidManifest.xml:5:5-79
11-->src\main\AndroidManifest.xml:5:22-76
12    <uses-permission android:name="android.permission.ACCESS_COARSE_LOCATION" />
12-->src\main\AndroidManifest.xml:6:5-81
12-->src\main\AndroidManifest.xml:6:22-78
13    <uses-permission android:name="android.permission.INTERNET" />
13-->src\main\AndroidManifest.xml:7:5-67
13-->src\main\AndroidManifest.xml:7:22-64
14
15    <!-- Although the *SdkVersion is captured in gradle build files, this is required for non gradle builds -->
16    <!-- <uses-sdk android:minSdkVersion="14"/> -->
17    <uses-permission android:name="android.permission.ACCESS_NETWORK_STATE" />
17-->[com.google.firebase:firebase-database:19.2.1] AndroidManifest.xml:25:5-79
17-->[com.google.firebase:firebase-database:19.2.1] AndroidManifest.xml:25:22-76
18
19    <uses-feature
19-->[com.google.android.gms:play-services-maps:17.0.0] AndroidManifest.xml:26:5-28:35
20        android:glEsVersion="0x00020000"
20-->[com.google.android.gms:play-services-maps:17.0.0] AndroidManifest.xml:27:9-41
21        android:required="true" /> <!-- Optional permission for Analytics to run. -->
21-->[com.google.android.gms:play-services-maps:17.0.0] AndroidManifest.xml:28:9-32
22    <uses-permission android:name="android.permission.WAKE_LOCK" />
22-->[com.google.android.gms:play-services-analytics:16.0.8] AndroidManifest.xml:27:5-68
22-->[com.google.android.gms:play-services-analytics:16.0.8] AndroidManifest.xml:27:22-65
23
24    <application
24-->src\main\AndroidManifest.xml:13:5-42:19
25        android:allowBackup="true"
25-->src\main\AndroidManifest.xml:14:9-35
26        android:appComponentFactory="androidx.core.app.CoreComponentFactory"
26-->[androidx.core:core:1.1.0] AndroidManifest.xml:24:18-86
27        android:debuggable="true"
28        android:icon="@mipmap/logo_image"
28-->src\main\AndroidManifest.xml:15:9-42
29        android:label="@string/app_name"
29-->src\main\AndroidManifest.xml:16:9-41
30        android:roundIcon="@mipmap/ic_launcher_round"
30-->src\main\AndroidManifest.xml:17:9-54
31        android:supportsRtl="false"
31-->src\main\AndroidManifest.xml:18:9-36
32        android:testOnly="true"
33        android:theme="@style/AppTheme" >
33-->src\main\AndroidManifest.xml:19:9-40
34        <activity android:name="com.example.shater.activity.ViewAcceptMyOffer" />
34-->src\main\AndroidManifest.xml:20:9-73
34-->src\main\AndroidManifest.xml:20:19-61
35        <activity android:name="com.example.shater.activity.MakeOfferActivity" />
35-->src\main\AndroidManifest.xml:21:9-64
35-->src\main\AndroidManifest.xml:21:19-61
36        <activity android:name="com.example.shater.activity.CraditActivity" />
36-->src\main\AndroidManifest.xml:22:9-61
36-->src\main\AndroidManifest.xml:22:19-58
37        <activity android:name="com.example.shater.activity.ViewOfferProviderActivity" />
37-->src\main\AndroidManifest.xml:23:9-72
37-->src\main\AndroidManifest.xml:23:19-69
38        <activity android:name="com.example.shater.activity.RequestActivity" />
38-->src\main\AndroidManifest.xml:24:9-62
38-->src\main\AndroidManifest.xml:24:19-59
39        <activity android:name="com.example.shater.activity.ViewAccountOfAdminActivity" />
39-->src\main\AndroidManifest.xml:25:9-73
39-->src\main\AndroidManifest.xml:25:19-70
40        <activity android:name="com.example.shater.activity.AdminActivity" />
40-->src\main\AndroidManifest.xml:26:9-60
40-->src\main\AndroidManifest.xml:26:19-57
41        <activity android:name="com.example.shater.activity.HomeActivity" />
41-->src\main\AndroidManifest.xml:27:9-59
41-->src\main\AndroidManifest.xml:27:19-56
42        <activity android:name="com.example.shater.activity.HomeCustomerActivity" />
42-->src\main\AndroidManifest.xml:28:9-67
42-->src\main\AndroidManifest.xml:28:19-64
43        <activity android:name="com.example.shater.activity.HomeServiceActivity" />
43-->src\main\AndroidManifest.xml:29:9-66
43-->src\main\AndroidManifest.xml:29:19-63
44        <activity android:name="com.example.shater.activity.SignUpActivity" />
44-->src\main\AndroidManifest.xml:30:9-61
44-->src\main\AndroidManifest.xml:30:19-58
45        <activity android:name="com.example.shater.activity.UserActivity" />
45-->src\main\AndroidManifest.xml:31:9-59
45-->src\main\AndroidManifest.xml:31:19-56
46        <activity android:name="com.example.shater.activity.SignInActivity" />
46-->src\main\AndroidManifest.xml:32:9-61
46-->src\main\AndroidManifest.xml:32:19-58
47        <activity android:name="com.example.shater.activity.SplashActivity" >
47-->src\main\AndroidManifest.xml:33:9-38:20
47-->src\main\AndroidManifest.xml:33:19-58
48            <intent-filter>
48-->src\main\AndroidManifest.xml:34:13-37:29
49                <action android:name="android.intent.action.MAIN" />
49-->src\main\AndroidManifest.xml:35:17-69
49-->src\main\AndroidManifest.xml:35:25-66
50
51                <category android:name="android.intent.category.LAUNCHER" />
51-->src\main\AndroidManifest.xml:36:17-77
51-->src\main\AndroidManifest.xml:36:27-74
52            </intent-filter>
53        </activity>
54
55        <meta-data
55-->src\main\AndroidManifest.xml:39:9-41:70
56            android:name="com.google.android.maps.v2.API_KEY"
56-->src\main\AndroidManifest.xml:40:13-62
57            android:value="AIzaSyA1T1sB0syevZxTNiUel_SxjnnZsxV5wx4" />
57-->src\main\AndroidManifest.xml:41:13-68
58
59        <activity
59-->[com.google.firebase:firebase-auth:19.3.0] AndroidManifest.xml:24:9-31:50
60            android:name="com.google.firebase.auth.internal.FederatedSignInActivity"
60-->[com.google.firebase:firebase-auth:19.3.0] AndroidManifest.xml:25:13-85
61            android:excludeFromRecents="true"
61-->[com.google.firebase:firebase-auth:19.3.0] AndroidManifest.xml:26:13-46
62            android:exported="true"
62-->[com.google.firebase:firebase-auth:19.3.0] AndroidManifest.xml:27:13-36
63            android:launchMode="singleTask"
63-->[com.google.firebase:firebase-auth:19.3.0] AndroidManifest.xml:28:13-44
64            android:permission="com.google.firebase.auth.api.gms.permission.LAUNCH_FEDERATED_SIGN_IN"
64-->[com.google.firebase:firebase-auth:19.3.0] AndroidManifest.xml:29:13-102
65            android:theme="@android:style/Theme.Translucent.NoTitleBar" />
65-->[com.google.firebase:firebase-auth:19.3.0] AndroidManifest.xml:30:13-72
66
67        <service
67-->[com.google.firebase:firebase-auth:19.3.0] AndroidManifest.xml:33:9-39:19
68            android:name="com.google.firebase.components.ComponentDiscoveryService"
68-->[com.google.firebase:firebase-auth:19.3.0] AndroidManifest.xml:34:13-84
69            android:directBootAware="true"
69-->[com.google.firebase:firebase-common:19.3.0] AndroidManifest.xml:34:13-43
70            android:exported="false" >
70-->[com.google.firebase:firebase-auth:19.3.0] AndroidManifest.xml:35:13-37
71            <meta-data
71-->[com.google.firebase:firebase-auth:19.3.0] AndroidManifest.xml:36:13-38:85
72                android:name="com.google.firebase.components:com.google.firebase.auth.FirebaseAuthRegistrar"
72-->[com.google.firebase:firebase-auth:19.3.0] AndroidManifest.xml:37:17-109
73                android:value="com.google.firebase.components.ComponentRegistrar" />
73-->[com.google.firebase:firebase-auth:19.3.0] AndroidManifest.xml:38:17-82
74            <meta-data
74-->[com.google.firebase:firebase-database:19.2.1] AndroidManifest.xml:32:13-34:85
75                android:name="com.google.firebase.components:com.google.firebase.database.DatabaseRegistrar"
75-->[com.google.firebase:firebase-database:19.2.1] AndroidManifest.xml:33:17-109
76                android:value="com.google.firebase.components.ComponentRegistrar" />
76-->[com.google.firebase:firebase-database:19.2.1] AndroidManifest.xml:34:17-82
77            <meta-data
77-->[com.google.firebase:firebase-storage:19.1.1] AndroidManifest.xml:33:13-35:85
78                android:name="com.google.firebase.components:com.google.firebase.storage.StorageRegistrar"
78-->[com.google.firebase:firebase-storage:19.1.1] AndroidManifest.xml:34:17-107
79                android:value="com.google.firebase.components.ComponentRegistrar" />
79-->[com.google.firebase:firebase-storage:19.1.1] AndroidManifest.xml:35:17-82
80        </service> <!-- Needs to be explicitly declared on P+ -->
81        <uses-library
81-->[com.google.android.gms:play-services-maps:17.0.0] AndroidManifest.xml:33:9-35:40
82            android:name="org.apache.http.legacy"
82-->[com.google.android.gms:play-services-maps:17.0.0] AndroidManifest.xml:34:13-50
83            android:required="false" />
83-->[com.google.android.gms:play-services-maps:17.0.0] AndroidManifest.xml:35:13-37
84
85        <receiver
85-->[com.google.android.gms:play-services-analytics:16.0.8] AndroidManifest.xml:30:9-34:20
86            android:name="com.google.android.gms.analytics.AnalyticsReceiver"
86-->[com.google.android.gms:play-services-analytics:16.0.8] AndroidManifest.xml:31:13-78
87            android:enabled="true"
87-->[com.google.android.gms:play-services-analytics:16.0.8] AndroidManifest.xml:32:13-35
88            android:exported="false" >
88-->[com.google.android.gms:play-services-analytics:16.0.8] AndroidManifest.xml:33:13-37
89        </receiver>
90
91        <service
91-->[com.google.android.gms:play-services-analytics:16.0.8] AndroidManifest.xml:36:9-39:40
92            android:name="com.google.android.gms.analytics.AnalyticsService"
92-->[com.google.android.gms:play-services-analytics:16.0.8] AndroidManifest.xml:37:13-77
93            android:enabled="true"
93-->[com.google.android.gms:play-services-analytics:16.0.8] AndroidManifest.xml:38:13-35
94            android:exported="false" />
94-->[com.google.android.gms:play-services-analytics:16.0.8] AndroidManifest.xml:39:13-37
95        <service
95-->[com.google.android.gms:play-services-analytics:16.0.8] AndroidManifest.xml:40:9-44:72
96            android:name="com.google.android.gms.analytics.AnalyticsJobService"
96-->[com.google.android.gms:play-services-analytics:16.0.8] AndroidManifest.xml:41:13-80
97            android:enabled="true"
97-->[com.google.android.gms:play-services-analytics:16.0.8] AndroidManifest.xml:42:13-35
98            android:exported="false"
98-->[com.google.android.gms:play-services-analytics:16.0.8] AndroidManifest.xml:43:13-37
99            android:permission="android.permission.BIND_JOB_SERVICE" />
99-->[com.google.android.gms:play-services-analytics:16.0.8] AndroidManifest.xml:44:13-69
100
101        <activity
101-->[com.google.android.gms:play-services-base:17.1.0] AndroidManifest.xml:23:9-26:75
102            android:name="com.google.android.gms.common.api.GoogleApiActivity"
102-->[com.google.android.gms:play-services-base:17.1.0] AndroidManifest.xml:24:13-79
103            android:exported="false"
103-->[com.google.android.gms:play-services-base:17.1.0] AndroidManifest.xml:25:13-37
104            android:theme="@android:style/Theme.Translucent.NoTitleBar" />
104-->[com.google.android.gms:play-services-base:17.1.0] AndroidManifest.xml:26:13-72
105
106        <provider
106-->[com.google.firebase:firebase-common:19.3.0] AndroidManifest.xml:26:9-30:39
107            android:name="com.google.firebase.provider.FirebaseInitProvider"
107-->[com.google.firebase:firebase-common:19.3.0] AndroidManifest.xml:27:13-77
108            android:authorities="com.example.Shater.firebaseinitprovider"
108-->[com.google.firebase:firebase-common:19.3.0] AndroidManifest.xml:28:13-72
109            android:exported="false"
109-->[com.google.firebase:firebase-common:19.3.0] AndroidManifest.xml:29:13-37
110            android:initOrder="100" />
110-->[com.google.firebase:firebase-common:19.3.0] AndroidManifest.xml:30:13-36
111
112        <meta-data
112-->[com.google.android.gms:play-services-basement:17.0.0] AndroidManifest.xml:23:9-25:69
113            android:name="com.google.android.gms.version"
113-->[com.google.android.gms:play-services-basement:17.0.0] AndroidManifest.xml:24:13-58
114            android:value="@integer/google_play_services_version" />
114-->[com.google.android.gms:play-services-basement:17.0.0] AndroidManifest.xml:25:13-66
115    </application>
116
117</manifest>